<?xml version="1.0" encoding="UTF-8"?>
<testng-results ignored="0" total="2" passed="2" failed="0" skipped="0">
  <reporter-output>
  </reporter-output>
  <suite started-at="2021-12-29T21:25:16 IST" name="Suite" finished-at="2021-12-29T21:26:39 IST" duration-ms="83386">
    <groups>
    </groups>
    <test started-at="2021-12-29T21:25:16 IST" name="Test" finished-at="2021-12-29T21:26:39 IST" duration-ms="83386">
      <class name="AppiumProject.EcommercePage1">
        <test-method signature="page1()[pri:0, instance:AppiumProject.EcommercePage1@316bcf94]" started-at="2021-12-29T21:26:01 IST" name="page1" finished-at="2021-12-29T21:26:39 IST" duration-ms="37526" status="PASS">
          <reporter-output>
          </reporter-output>
        </test-method> <!-- page1 -->
      </class> <!-- AppiumProject.EcommercePage1 -->
      <class name="AppiumProject.EcommerceWebview">
        <test-method signature="ecommerce()[pri:0, instance:AppiumProject.EcommerceWebview@4f2b503c]" started-at="2021-12-29T21:25:16 IST" name="ecommerce" finished-at="2021-12-29T21:26:01 IST" duration-ms="45755" status="PASS">
          <reporter-output>
          </reporter-output>
        </test-method> <!-- ecommerce -->
      </class> <!-- AppiumProject.EcommerceWebview -->
    </test> <!-- Test -->
  </suite> <!-- Suite -->
</testng-results>
